This is pdfTeX, Version 3.14159265-2.6-1.40.18 (TeX Live 2017/Debian) (preloaded format=pdflatex 2019.9.1)  14 AUG 2020 15:55
entering extended mode
 restricted \write18 enabled.
 %&-line parsing enabled.
**main.tex
(./main.tex
LaTeX2e <2017-04-15>
Babel <3.18> and hyphenation patterns for 84 language(s) loaded.
(/usr/share/texlive/texmf-dist/tex/latex/base/article.cls
Document Class: article 2014/09/29 v1.4h Standard LaTeX document class
(/usr/share/texlive/texmf-dist/tex/latex/base/size12.clo
File: size12.clo 2014/09/29 v1.4h Standard LaTeX file (size option)
)
\c@part=\count79
\c@section=\count80
\c@subsection=\count81
\c@subsubsection=\count82
\c@paragraph=\count83
\c@subparagraph=\count84
\c@figure=\count85
\c@table=\count86
\abovecaptionskip=\skip41
\belowcaptionskip=\skip42
\bibindent=\dimen102
)
(/usr/share/texlive/texmf-dist/tex/latex/base/fontenc.sty
Package: fontenc 2017/04/05 v2.0i Standard LaTeX package

(/usr/share/texlive/texmf-dist/tex/latex/base/t1enc.def
File: t1enc.def 2017/04/05 v2.0i Standard LaTeX file
LaTeX Font Info:    Redeclaring font encoding T1 on input line 48.
))
(/usr/share/texlive/texmf-dist/tex/generic/babel/babel.sty
Package: babel 2018/02/14 3.18 The Babel package

(/usr/share/texlive/texmf-dist/tex/generic/babel/switch.def
File: switch.def 2018/02/14 3.18 Babel switching mechanism
)
(/usr/share/texlive/texmf-dist/tex/generic/babel-polish/polish.ldf
Language: polish 2005/03/31 v1.2l Polish support from the babel system

(/usr/share/texlive/texmf-dist/tex/generic/babel/babel.def
File: babel.def 2018/02/14 3.18 Babel common definitions
\babel@savecnt=\count87
\U@D=\dimen103

(/usr/share/texlive/texmf-dist/tex/generic/babel/txtbabel.def)
\bbl@dirlevel=\count88
)
Package babel Info: Making " an active character on input line 83.
\pl@left=\dimen104
\pl@down=\dimen105
\pl@right=\dimen106
\pl@temp=\dimen107
))
(/usr/share/texlive/texmf-dist/tex/latex/base/inputenc.sty
Package: inputenc 2015/03/17 v1.2c Input encoding file
\inpenc@prehook=\toks14
\inpenc@posthook=\toks15

(/usr/share/texlive/texmf-dist/tex/latex/base/utf8.def
File: utf8.def 2017/01/28 v1.1t UTF-8 support for inputenc
Now handling font encoding OML ...
... no UTF-8 mapping file for font encoding OML
Now handling font encoding T1 ...
... processing UTF-8 mapping file for font encoding T1

(/usr/share/texlive/texmf-dist/tex/latex/base/t1enc.dfu
File: t1enc.dfu 2017/01/28 v1.1t UTF-8 support for inputenc
   defining Unicode char U+00A0 (decimal 160)
   defining Unicode char U+00A1 (decimal 161)
   defining Unicode char U+00A3 (decimal 163)
   defining Unicode char U+00AB (decimal 171)
   defining Unicode char U+00AD (decimal 173)
   defining Unicode char U+00BB (decimal 187)
   defining Unicode char U+00BF (decimal 191)
   defining Unicode char U+00C0 (decimal 192)
   defining Unicode char U+00C1 (decimal 193)
   defining Unicode char U+00C2 (decimal 194)
   defining Unicode char U+00C3 (decimal 195)
   defining Unicode char U+00C4 (decimal 196)
   defining Unicode char U+00C5 (decimal 197)
   defining Unicode char U+00C6 (decimal 198)
   defining Unicode char U+00C7 (decimal 199)
   defining Unicode char U+00C8 (decimal 200)
   defining Unicode char U+00C9 (decimal 201)
   defining Unicode char U+00CA (decimal 202)
   defining Unicode char U+00CB (decimal 203)
   defining Unicode char U+00CC (decimal 204)
   defining Unicode char U+00CD (decimal 205)
   defining Unicode char U+00CE (decimal 206)
   defining Unicode char U+00CF (decimal 207)
   defining Unicode char U+00D0 (decimal 208)
   defining Unicode char U+00D1 (decimal 209)
   defining Unicode char U+00D2 (decimal 210)
   defining Unicode char U+00D3 (decimal 211)
   defining Unicode char U+00D4 (decimal 212)
   defining Unicode char U+00D5 (decimal 213)
   defining Unicode char U+00D6 (decimal 214)
   defining Unicode char U+00D8 (decimal 216)
   defining Unicode char U+00D9 (decimal 217)
   defining Unicode char U+00DA (decimal 218)
   defining Unicode char U+00DB (decimal 219)
   defining Unicode char U+00DC (decimal 220)
   defining Unicode char U+00DD (decimal 221)
   defining Unicode char U+00DE (decimal 222)
   defining Unicode char U+00DF (decimal 223)
   defining Unicode char U+00E0 (decimal 224)
   defining Unicode char U+00E1 (decimal 225)
   defining Unicode char U+00E2 (decimal 226)
   defining Unicode char U+00E3 (decimal 227)
   defining Unicode char U+00E4 (decimal 228)
   defining Unicode char U+00E5 (decimal 229)
   defining Unicode char U+00E6 (decimal 230)
   defining Unicode char U+00E7 (decimal 231)
   defining Unicode char U+00E8 (decimal 232)
   defining Unicode char U+00E9 (decimal 233)
   defining Unicode char U+00EA (decimal 234)
   defining Unicode char U+00EB (decimal 235)
   defining Unicode char U+00EC (decimal 236)
   defining Unicode char U+00ED (decimal 237)
   defining Unicode char U+00EE (decimal 238)
   defining Unicode char U+00EF (decimal 239)
   defining Unicode char U+00F0 (decimal 240)
   defining Unicode char U+00F1 (decimal 241)
   defining Unicode char U+00F2 (decimal 242)
   defining Unicode char U+00F3 (decimal 243)
   defining Unicode char U+00F4 (decimal 244)
   defining Unicode char U+00F5 (decimal 245)
   defining Unicode char U+00F6 (decimal 246)
   defining Unicode char U+00F8 (decimal 248)
   defining Unicode char U+00F9 (decimal 249)
   defining Unicode char U+00FA (decimal 250)
   defining Unicode char U+00FB (decimal 251)
   defining Unicode char U+00FC (decimal 252)
   defining Unicode char U+00FD (decimal 253)
   defining Unicode char U+00FE (decimal 254)
   defining Unicode char U+00FF (decimal 255)
   defining Unicode char U+0100 (decimal 256)
   defining Unicode char U+0101 (decimal 257)
   defining Unicode char U+0102 (decimal 258)
   defining Unicode char U+0103 (decimal 259)
   defining Unicode char U+0104 (decimal 260)
   defining Unicode char U+0105 (decimal 261)
   defining Unicode char U+0106 (decimal 262)
   defining Unicode char U+0107 (decimal 263)
   defining Unicode char U+0108 (decimal 264)
   defining Unicode char U+0109 (decimal 265)
   defining Unicode char U+010A (decimal 266)
   defining Unicode char U+010B (decimal 267)
   defining Unicode char U+010C (decimal 268)
   defining Unicode char U+010D (decimal 269)
   defining Unicode char U+010E (decimal 270)
   defining Unicode char U+010F (decimal 271)
   defining Unicode char U+0110 (decimal 272)
   defining Unicode char U+0111 (decimal 273)
   defining Unicode char U+0112 (decimal 274)
   defining Unicode char U+0113 (decimal 275)
   defining Unicode char U+0114 (decimal 276)
   defining Unicode char U+0115 (decimal 277)
   defining Unicode char U+0116 (decimal 278)
   defining Unicode char U+0117 (decimal 279)
   defining Unicode char U+0118 (decimal 280)
   defining Unicode char U+0119 (decimal 281)
   defining Unicode char U+011A (decimal 282)
   defining Unicode char U+011B (decimal 283)
   defining Unicode char U+011C (decimal 284)
   defining Unicode char U+011D (decimal 285)
   defining Unicode char U+011E (decimal 286)
   defining Unicode char U+011F (decimal 287)
   defining Unicode char U+0120 (decimal 288)
   defining Unicode char U+0121 (decimal 289)
   defining Unicode char U+0122 (decimal 290)
   defining Unicode char U+0123 (decimal 291)
   defining Unicode char U+0124 (decimal 292)
   defining Unicode char U+0125 (decimal 293)
   defining Unicode char U+0128 (decimal 296)
   defining Unicode char U+0129 (decimal 297)
   defining Unicode char U+012A (decimal 298)
   defining Unicode char U+012B (decimal 299)
   defining Unicode char U+012C (decimal 300)
   defining Unicode char U+012D (decimal 301)
   defining Unicode char U+012E (decimal 302)
   defining Unicode char U+012F (decimal 303)
   defining Unicode char U+0130 (decimal 304)
   defining Unicode char U+0131 (decimal 305)
   defining Unicode char U+0132 (decimal 306)
   defining Unicode char U+0133 (decimal 307)
   defining Unicode char U+0134 (decimal 308)
   defining Unicode char U+0135 (decimal 309)
   defining Unicode char U+0136 (decimal 310)
   defining Unicode char U+0137 (decimal 311)
   defining Unicode char U+0139 (decimal 313)
   defining Unicode char U+013A (decimal 314)
   defining Unicode char U+013B (decimal 315)
   defining Unicode char U+013C (decimal 316)
   defining Unicode char U+013D (decimal 317)
   defining Unicode char U+013E (decimal 318)
   defining Unicode char U+0141 (decimal 321)
   defining Unicode char U+0142 (decimal 322)
   defining Unicode char U+0143 (decimal 323)
   defining Unicode char U+0144 (decimal 324)
   defining Unicode char U+0145 (decimal 325)
   defining Unicode char U+0146 (decimal 326)
   defining Unicode char U+0147 (decimal 327)
   defining Unicode char U+0148 (decimal 328)
   defining Unicode char U+014A (decimal 330)
   defining Unicode char U+014B (decimal 331)
   defining Unicode char U+014C (decimal 332)
   defining Unicode char U+014D (decimal 333)
   defining Unicode char U+014E (decimal 334)
   defining Unicode char U+014F (decimal 335)
   defining Unicode char U+0150 (decimal 336)
   defining Unicode char U+0151 (decimal 337)
   defining Unicode char U+0152 (decimal 338)
   defining Unicode char U+0153 (decimal 339)
   defining Unicode char U+0154 (decimal 340)
   defining Unicode char U+0155 (decimal 341)
   defining Unicode char U+0156 (decimal 342)
   defining Unicode char U+0157 (decimal 343)
   defining Unicode char U+0158 (decimal 344)
   defining Unicode char U+0159 (decimal 345)
   defining Unicode char U+015A (decimal 346)
   defining Unicode char U+015B (decimal 347)
   defining Unicode char U+015C (decimal 348)
   defining Unicode char U+015D (decimal 349)
   defining Unicode char U+015E (decimal 350)
   defining Unicode char U+015F (decimal 351)
   defining Unicode char U+0160 (decimal 352)
   defining Unicode char U+0161 (decimal 353)
   defining Unicode char U+0162 (decimal 354)
   defining Unicode char U+0163 (decimal 355)
   defining Unicode char U+0164 (decimal 356)
   defining Unicode char U+0165 (decimal 357)
   defining Unicode char U+0168 (decimal 360)
   defining Unicode char U+0169 (decimal 361)
   defining Unicode char U+016A (decimal 362)
   defining Unicode char U+016B (decimal 363)
   defining Unicode char U+016C (decimal 364)
   defining Unicode char U+016D (decimal 365)
   defining Unicode char U+016E (decimal 366)
   defining Unicode char U+016F (decimal 367)
   defining Unicode char U+0170 (decimal 368)
   defining Unicode char U+0171 (decimal 369)
   defining Unicode char U+0172 (decimal 370)
   defining Unicode char U+0173 (decimal 371)
   defining Unicode char U+0174 (decimal 372)
   defining Unicode char U+0175 (decimal 373)
   defining Unicode char U+0176 (decimal 374)
   defining Unicode char U+0177 (decimal 375)
   defining Unicode char U+0178 (decimal 376)
   defining Unicode char U+0179 (decimal 377)
   defining Unicode char U+017A (decimal 378)
   defining Unicode char U+017B (decimal 379)
   defining Unicode char U+017C (decimal 380)
   defining Unicode char U+017D (decimal 381)
   defining Unicode char U+017E (decimal 382)
   defining Unicode char U+01CD (decimal 461)
   defining Unicode char U+01CE (decimal 462)
   defining Unicode char U+01CF (decimal 463)
   defining Unicode char U+01D0 (decimal 464)
   defining Unicode char U+01D1 (decimal 465)
   defining Unicode char U+01D2 (decimal 466)
   defining Unicode char U+01D3 (decimal 467)
   defining Unicode char U+01D4 (decimal 468)
   defining Unicode char U+01E2 (decimal 482)
   defining Unicode char U+01E3 (decimal 483)
   defining Unicode char U+01E6 (decimal 486)
   defining Unicode char U+01E7 (decimal 487)
   defining Unicode char U+01E8 (decimal 488)
   defining Unicode char U+01E9 (decimal 489)
   defining Unicode char U+01EA (decimal 490)
   defining Unicode char U+01EB (decimal 491)
   defining Unicode char U+01F0 (decimal 496)
   defining Unicode char U+01F4 (decimal 500)
   defining Unicode char U+01F5 (decimal 501)
   defining Unicode char U+0218 (decimal 536)
   defining Unicode char U+0219 (decimal 537)
   defining Unicode char U+021A (decimal 538)
   defining Unicode char U+021B (decimal 539)
   defining Unicode char U+0232 (decimal 562)
   defining Unicode char U+0233 (decimal 563)
   defining Unicode char U+1E02 (decimal 7682)
   defining Unicode char U+1E03 (decimal 7683)
   defining Unicode char U+200C (decimal 8204)
   defining Unicode char U+2010 (decimal 8208)
   defining Unicode char U+2011 (decimal 8209)
   defining Unicode char U+2012 (decimal 8210)
   defining Unicode char U+2013 (decimal 8211)
   defining Unicode char U+2014 (decimal 8212)
   defining Unicode char U+2015 (decimal 8213)
   defining Unicode char U+2018 (decimal 8216)
   defining Unicode char U+2019 (decimal 8217)
   defining Unicode char U+201A (decimal 8218)
   defining Unicode char U+201C (decimal 8220)
   defining Unicode char U+201D (decimal 8221)
   defining Unicode char U+201E (decimal 8222)
   defining Unicode char U+2030 (decimal 8240)
   defining Unicode char U+2031 (decimal 8241)
   defining Unicode char U+2039 (decimal 8249)
   defining Unicode char U+203A (decimal 8250)
   defining Unicode char U+2423 (decimal 9251)
   defining Unicode char U+1E20 (decimal 7712)
   defining Unicode char U+1E21 (decimal 7713)
)
Now handling font encoding OT1 ...
... processing UTF-8 mapping file for font encoding OT1

(/usr/share/texlive/texmf-dist/tex/latex/base/ot1enc.dfu
File: ot1enc.dfu 2017/01/28 v1.1t UTF-8 support for inputenc
   defining Unicode char U+00A0 (decimal 160)
   defining Unicode char U+00A1 (decimal 161)
   defining Unicode char U+00A3 (decimal 163)
   defining Unicode char U+00AD (decimal 173)
   defining Unicode char U+00B8 (decimal 184)
   defining Unicode char U+00BF (decimal 191)
   defining Unicode char U+00C5 (decimal 197)
   defining Unicode char U+00C6 (decimal 198)
   defining Unicode char U+00D8 (decimal 216)
   defining Unicode char U+00DF (decimal 223)
   defining Unicode char U+00E6 (decimal 230)
   defining Unicode char U+00EC (decimal 236)
   defining Unicode char U+00ED (decimal 237)
   defining Unicode char U+00EE (decimal 238)
   defining Unicode char U+00EF (decimal 239)
   defining Unicode char U+00F8 (decimal 248)
   defining Unicode char U+0131 (decimal 305)
   defining Unicode char U+0141 (decimal 321)
   defining Unicode char U+0142 (decimal 322)
   defining Unicode char U+0152 (decimal 338)
   defining Unicode char U+0153 (decimal 339)
   defining Unicode char U+0174 (decimal 372)
   defining Unicode char U+0175 (decimal 373)
   defining Unicode char U+0176 (decimal 374)
   defining Unicode char U+0177 (decimal 375)
   defining Unicode char U+0218 (decimal 536)
   defining Unicode char U+0219 (decimal 537)
   defining Unicode char U+021A (decimal 538)
   defining Unicode char U+021B (decimal 539)
   defining Unicode char U+2013 (decimal 8211)
   defining Unicode char U+2014 (decimal 8212)
   defining Unicode char U+2018 (decimal 8216)
   defining Unicode char U+2019 (decimal 8217)
   defining Unicode char U+201C (decimal 8220)
   defining Unicode char U+201D (decimal 8221)
)
Now handling font encoding OMS ...
... processing UTF-8 mapping file for font encoding OMS

(/usr/share/texlive/texmf-dist/tex/latex/base/omsenc.dfu
File: omsenc.dfu 2017/01/28 v1.1t UTF-8 support for inputenc
   defining Unicode char U+00A7 (decimal 167)
   defining Unicode char U+00B6 (decimal 182)
   defining Unicode char U+00B7 (decimal 183)
   defining Unicode char U+2020 (decimal 8224)
   defining Unicode char U+2021 (decimal 8225)
   defining Unicode char U+2022 (decimal 8226)
)
Now handling font encoding OMX ...
... no UTF-8 mapping file for font encoding OMX
Now handling font encoding U ...
... no UTF-8 mapping file for font encoding U
   defining Unicode char U+00A9 (decimal 169)
   defining Unicode char U+00AA (decimal 170)
   defining Unicode char U+00AE (decimal 174)
   defining Unicode char U+00BA (decimal 186)
   defining Unicode char U+02C6 (decimal 710)
   defining Unicode char U+02DC (decimal 732)
   defining Unicode char U+200C (decimal 8204)
   defining Unicode char U+2026 (decimal 8230)
   defining Unicode char U+2122 (decimal 8482)
   defining Unicode char U+2423 (decimal 9251)
))
(/usr/share/texmf/tex/latex/lm/lmodern.sty
Package: lmodern 2009/10/30 v1.6 Latin Modern Fonts
LaTeX Font Info:    Overwriting symbol font `operators' in version `normal'
(Font)                  OT1/cmr/m/n --> OT1/lmr/m/n on input line 22.
LaTeX Font Info:    Overwriting symbol font `letters' in version `normal'
(Font)                  OML/cmm/m/it --> OML/lmm/m/it on input line 23.
LaTeX Font Info:    Overwriting symbol font `symbols' in version `normal'
(Font)                  OMS/cmsy/m/n --> OMS/lmsy/m/n on input line 24.
LaTeX Font Info:    Overwriting symbol font `largesymbols' in version `normal'
(Font)                  OMX/cmex/m/n --> OMX/lmex/m/n on input line 25.
LaTeX Font Info:    Overwriting symbol font `operators' in version `bold'
(Font)                  OT1/cmr/bx/n --> OT1/lmr/bx/n on input line 26.
LaTeX Font Info:    Overwriting symbol font `letters' in version `bold'
(Font)                  OML/cmm/b/it --> OML/lmm/b/it on input line 27.
LaTeX Font Info:    Overwriting symbol font `symbols' in version `bold'
(Font)                  OMS/cmsy/b/n --> OMS/lmsy/b/n on input line 28.
LaTeX Font Info:    Overwriting symbol font `largesymbols' in version `bold'
(Font)                  OMX/cmex/m/n --> OMX/lmex/m/n on input line 29.
LaTeX Font Info:    Overwriting math alphabet `\mathbf' in version `normal'
(Font)                  OT1/cmr/bx/n --> OT1/lmr/bx/n on input line 31.
LaTeX Font Info:    Overwriting math alphabet `\mathsf' in version `normal'
(Font)                  OT1/cmss/m/n --> OT1/lmss/m/n on input line 32.
LaTeX Font Info:    Overwriting math alphabet `\mathit' in version `normal'
(Font)                  OT1/cmr/m/it --> OT1/lmr/m/it on input line 33.
LaTeX Font Info:    Overwriting math alphabet `\mathtt' in version `normal'
(Font)                  OT1/cmtt/m/n --> OT1/lmtt/m/n on input line 34.
LaTeX Font Info:    Overwriting math alphabet `\mathbf' in version `bold'
(Font)                  OT1/cmr/bx/n --> OT1/lmr/bx/n on input line 35.
LaTeX Font Info:    Overwriting math alphabet `\mathsf' in version `bold'
(Font)                  OT1/cmss/bx/n --> OT1/lmss/bx/n on input line 36.
LaTeX Font Info:    Overwriting math alphabet `\mathit' in version `bold'
(Font)                  OT1/cmr/bx/it --> OT1/lmr/bx/it on input line 37.
LaTeX Font Info:    Overwriting math alphabet `\mathtt' in version `bold'
(Font)                  OT1/cmtt/m/n --> OT1/lmtt/m/n on input line 38.
)
(/usr/share/texlive/texmf-dist/tex/latex/graphics/graphicx.sty
Package: graphicx 2017/06/01 v1.1a Enhanced LaTeX Graphics (DPC,SPQR)

(/usr/share/texlive/texmf-dist/tex/latex/graphics/keyval.sty
Package: keyval 2014/10/28 v1.15 key=value parser (DPC)
\KV@toks@=\toks16
)
(/usr/share/texlive/texmf-dist/tex/latex/graphics/graphics.sty
Package: graphics 2017/06/25 v1.2c Standard LaTeX Graphics (DPC,SPQR)

(/usr/share/texlive/texmf-dist/tex/latex/graphics/trig.sty
Package: trig 2016/01/03 v1.10 sin cos tan (DPC)
)
(/usr/share/texlive/texmf-dist/tex/latex/graphics-cfg/graphics.cfg
File: graphics.cfg 2016/06/04 v1.11 sample graphics configuration
)
Package graphics Info: Driver file: pdftex.def on input line 99.

(/usr/share/texlive/texmf-dist/tex/latex/graphics-def/pdftex.def
File: pdftex.def 2018/01/08 v1.0l Graphics/color driver for pdftex
))
\Gin@req@height=\dimen108
\Gin@req@width=\dimen109
)
(/usr/share/texlive/texmf-dist/tex/latex/listings/listings.sty
\lst@mode=\count89
\lst@gtempboxa=\box26
\lst@token=\toks17
\lst@length=\count90
\lst@currlwidth=\dimen110
\lst@column=\count91
\lst@pos=\count92
\lst@lostspace=\dimen111
\lst@width=\dimen112
\lst@newlines=\count93
\lst@lineno=\count94
\lst@maxwidth=\dimen113

(/usr/share/texlive/texmf-dist/tex/latex/listings/lstmisc.sty
File: lstmisc.sty 2015/06/04 1.6 (Carsten Heinz)
\c@lstnumber=\count95
\lst@skipnumbers=\count96
\lst@framebox=\box27
)
(/usr/share/texlive/texmf-dist/tex/latex/listings/listings.cfg
File: listings.cfg 2015/06/04 1.6 listings configuration
))
Package: listings 2015/06/04 1.6 (Carsten Heinz)

(/usr/share/texlive/texmf-dist/tex/latex/mathtools/mathtools.sty
Package: mathtools 2018/01/08 v1.21 mathematical typesetting tools

(/usr/share/texlive/texmf-dist/tex/latex/tools/calc.sty
Package: calc 2014/10/28 v4.3 Infix arithmetic (KKT,FJ)
\calc@Acount=\count97
\calc@Bcount=\count98
\calc@Adimen=\dimen114
\calc@Bdimen=\dimen115
\calc@Askip=\skip43
\calc@Bskip=\skip44
LaTeX Info: Redefining \setlength on input line 80.
LaTeX Info: Redefining \addtolength on input line 81.
\calc@Ccount=\count99
\calc@Cskip=\skip45
)
(/usr/share/texlive/texmf-dist/tex/latex/mathtools/mhsetup.sty
Package: mhsetup 2017/03/31 v1.3 programming setup (MH)
)
(/usr/share/texlive/texmf-dist/tex/latex/amsmath/amsmath.sty
Package: amsmath 2017/09/02 v2.17a AMS math features
\@mathmargin=\skip46

For additional information on amsmath, use the `?' option.
(/usr/share/texlive/texmf-dist/tex/latex/amsmath/amstext.sty
Package: amstext 2000/06/29 v2.01 AMS text

(/usr/share/texlive/texmf-dist/tex/latex/amsmath/amsgen.sty
File: amsgen.sty 1999/11/30 v2.0 generic functions
\@emptytoks=\toks18
\ex@=\dimen116
))
(/usr/share/texlive/texmf-dist/tex/latex/amsmath/amsbsy.sty
Package: amsbsy 1999/11/29 v1.2d Bold Symbols
\pmbraise@=\dimen117
)
(/usr/share/texlive/texmf-dist/tex/latex/amsmath/amsopn.sty
Package: amsopn 2016/03/08 v2.02 operator names
)
\inf@bad=\count100
LaTeX Info: Redefining \frac on input line 213.
\uproot@=\count101
\leftroot@=\count102
LaTeX Info: Redefining \overline on input line 375.
\classnum@=\count103
\DOTSCASE@=\count104
LaTeX Info: Redefining \ldots on input line 472.
LaTeX Info: Redefining \dots on input line 475.
LaTeX Info: Redefining \cdots on input line 596.
\Mathstrutbox@=\box28
\strutbox@=\box29
\big@size=\dimen118
LaTeX Font Info:    Redeclaring font encoding OML on input line 712.
LaTeX Font Info:    Redeclaring font encoding OMS on input line 713.
\macc@depth=\count105
\c@MaxMatrixCols=\count106
\dotsspace@=\muskip10
\c@parentequation=\count107
\dspbrk@lvl=\count108
\tag@help=\toks19
\row@=\count109
\column@=\count110
\maxfields@=\count111
\andhelp@=\toks20
\eqnshift@=\dimen119
\alignsep@=\dimen120
\tagshift@=\dimen121
\tagwidth@=\dimen122
\totwidth@=\dimen123
\lineht@=\dimen124
\@envbody=\toks21
\multlinegap=\skip47
\multlinetaggap=\skip48
\mathdisplay@stack=\toks22
LaTeX Info: Redefining \[ on input line 2817.
LaTeX Info: Redefining \] on input line 2818.
)
LaTeX Info: Thecontrolsequence`\('isalreadyrobust on input line 129.
LaTeX Info: Thecontrolsequence`\)'isalreadyrobust on input line 129.
LaTeX Info: Thecontrolsequence`\['isalreadyrobust on input line 129.
LaTeX Info: Thecontrolsequence`\]'isalreadyrobust on input line 129.
\g_MT_multlinerow_int=\count112
\l_MT_multwidth_dim=\dimen125
\origjot=\skip49
\l_MT_shortvdotswithinadjustabove_dim=\dimen126
\l_MT_shortvdotswithinadjustbelow_dim=\dimen127
\l_MT_above_intertext_sep=\dimen128
\l_MT_below_intertext_sep=\dimen129
\l_MT_above_shortintertext_sep=\dimen130
\l_MT_below_shortintertext_sep=\dimen131
)
(/usr/share/texlive/texmf-dist/tex/latex/spverbatim/spverbatim.sty
Package: spverbatim 2009/08/10 v1.0 Verbatim with breakable spaces
)
(/usr/share/texlive/texmf-dist/tex/latex/float/float.sty
Package: float 2001/11/08 v1.3d Float enhancements (AL)
\c@float@type=\count113
\float@exts=\toks23
\float@box=\box30
\@float@everytoks=\toks24
\@floatcapt=\box31
)
(/usr/share/texlive/texmf-dist/tex/latex/tools/array.sty
Package: array 2016/10/06 v2.4d Tabular extension package (FMi)
\col@sep=\dimen132
\extrarowheight=\dimen133
\NC@list=\toks25
\extratabsurround=\skip50
\backup@length=\skip51
) (./main.aux

LaTeX Warning: Label `fig:label' multiply defined.


LaTeX Warning: Label `fig:label' multiply defined.


LaTeX Warning: Label `fig:label' multiply defined.


LaTeX Warning: Label `fig:label' multiply defined.


LaTeX Warning: Label `fig:label' multiply defined.


LaTeX Warning: Label `fig:label' multiply defined.


LaTeX Warning: Label `brooks' multiply defined.

)
\openout1 = `main.aux'.

LaTeX Font Info:    Checking defaults for OML/cmm/m/it on input line 21.
LaTeX Font Info:    ... okay on input line 21.
LaTeX Font Info:    Checking defaults for T1/cmr/m/n on input line 21.
LaTeX Font Info:    ... okay on input line 21.
LaTeX Font Info:    Checking defaults for OT1/cmr/m/n on input line 21.
LaTeX Font Info:    ... okay on input line 21.
LaTeX Font Info:    Checking defaults for OMS/cmsy/m/n on input line 21.
LaTeX Font Info:    ... okay on input line 21.
LaTeX Font Info:    Checking defaults for OMX/cmex/m/n on input line 21.
LaTeX Font Info:    ... okay on input line 21.
LaTeX Font Info:    Checking defaults for U/cmr/m/n on input line 21.
LaTeX Font Info:    ... okay on input line 21.
LaTeX Font Info:    Try loading font information for T1+lmr on input line 21.
 (/usr/share/texmf/tex/latex/lm/t1lmr.fd
File: t1lmr.fd 2009/10/30 v1.6 Font defs for Latin Modern
)
(/usr/share/texlive/texmf-dist/tex/context/base/mkii/supp-pdf.mkii
[Loading MPS to PDF converter (version 2006.09.02).]
\scratchcounter=\count114
\scratchdimen=\dimen134
\scratchbox=\box32
\nofMPsegments=\count115
\nofMParguments=\count116
\everyMPshowfont=\toks26
\MPscratchCnt=\count117
\MPscratchDim=\dimen135
\MPnumerator=\count118
\makeMPintoPDFobject=\count119
\everyMPtoPDFconversion=\toks27
) (/usr/share/texlive/texmf-dist/tex/latex/oberdiek/epstopdf-base.sty
Package: epstopdf-base 2016/05/15 v2.6 Base part for package epstopdf

(/usr/share/texlive/texmf-dist/tex/generic/oberdiek/infwarerr.sty
Package: infwarerr 2016/05/16 v1.4 Providing info/warning/error messages (HO)
)
(/usr/share/texlive/texmf-dist/tex/latex/oberdiek/grfext.sty
Package: grfext 2016/05/16 v1.2 Manage graphics extensions (HO)

(/usr/share/texlive/texmf-dist/tex/generic/oberdiek/kvdefinekeys.sty
Package: kvdefinekeys 2016/05/16 v1.4 Define keys (HO)

(/usr/share/texlive/texmf-dist/tex/generic/oberdiek/ltxcmds.sty
Package: ltxcmds 2016/05/16 v1.23 LaTeX kernel commands for general use (HO)
)))
(/usr/share/texlive/texmf-dist/tex/latex/oberdiek/kvoptions.sty
Package: kvoptions 2016/05/16 v3.12 Key value format for package options (HO)

(/usr/share/texlive/texmf-dist/tex/generic/oberdiek/kvsetkeys.sty
Package: kvsetkeys 2016/05/16 v1.17 Key value parser (HO)

(/usr/share/texlive/texmf-dist/tex/generic/oberdiek/etexcmds.sty
Package: etexcmds 2016/05/16 v1.6 Avoid name clashes with e-TeX commands (HO)

(/usr/share/texlive/texmf-dist/tex/generic/oberdiek/ifluatex.sty
Package: ifluatex 2016/05/16 v1.4 Provides the ifluatex switch (HO)
Package ifluatex Info: LuaTeX not detected.
)
Package etexcmds Info: Could not find \expanded.
(etexcmds)             That can mean that you are not using pdfTeX 1.50 or
(etexcmds)             that some package has redefined \expanded.
(etexcmds)             In the latter case, load this package earlier.
)))
(/usr/share/texlive/texmf-dist/tex/generic/oberdiek/pdftexcmds.sty
Package: pdftexcmds 2018/01/21 v0.26 Utility functions of pdfTeX for LuaTeX (HO
)

(/usr/share/texlive/texmf-dist/tex/generic/oberdiek/ifpdf.sty
Package: ifpdf 2017/03/15 v3.2 Provides the ifpdf switch
)
Package pdftexcmds Info: LuaTeX not detected.
Package pdftexcmds Info: \pdf@primitive is available.
Package pdftexcmds Info: \pdf@ifprimitive is available.
Package pdftexcmds Info: \pdfdraftmode found.
)
Package epstopdf-base Info: Redefining graphics rule for `.eps' on input line 4
38.
Package grfext Info: Graphics extension search list:
(grfext)             [.pdf,.png,.jpg,.mps,.jpeg,.jbig2,.jb2,.PDF,.PNG,.JPG,.JPE
G,.JBIG2,.JB2,.eps]
(grfext)             \AppendGraphicsExtensions on input line 456.

(/usr/share/texlive/texmf-dist/tex/latex/latexconfig/epstopdf-sys.cfg
File: epstopdf-sys.cfg 2010/07/13 v1.3 Configuration of (r)epstopdf for TeX Liv
e
))
\c@lstlisting=\count120
LaTeX Font Info:    Try loading font information for OT1+lmr on input line 23.

(/usr/share/texmf/tex/latex/lm/ot1lmr.fd
File: ot1lmr.fd 2009/10/30 v1.6 Font defs for Latin Modern
)
LaTeX Font Info:    Try loading font information for OML+lmm on input line 23.

(/usr/share/texmf/tex/latex/lm/omllmm.fd
File: omllmm.fd 2009/10/30 v1.6 Font defs for Latin Modern
)
LaTeX Font Info:    Try loading font information for OMS+lmsy on input line 23.


(/usr/share/texmf/tex/latex/lm/omslmsy.fd
File: omslmsy.fd 2009/10/30 v1.6 Font defs for Latin Modern
)
LaTeX Font Info:    Try loading font information for OMX+lmex on input line 23.


(/usr/share/texmf/tex/latex/lm/omxlmex.fd
File: omxlmex.fd 2009/10/30 v1.6 Font defs for Latin Modern
)
LaTeX Font Info:    External font `lmex10' loaded for size
(Font)              <14.4> on input line 23.
LaTeX Font Info:    External font `lmex10' loaded for size
(Font)              <10> on input line 23.
LaTeX Font Info:    External font `lmex10' loaded for size
(Font)              <7> on input line 23.
 (./main.toc
LaTeX Font Info:    External font `lmex10' loaded for size
(Font)              <12> on input line 4.
LaTeX Font Info:    External font `lmex10' loaded for size
(Font)              <8> on input line 4.
LaTeX Font Info:    External font `lmex10' loaded for size
(Font)              <6> on input line 4.
 [1

{/var/lib/texmf/fonts/map/pdftex/updmap/pdftex.map}])
\tf@toc=\write3
\openout3 = `main.toc'.

 [2] (./Introduction.tex
</home/franek/Documents/magisterka/images/schemat-baza-stackoverflow.jpg, id=12
, 878.28125pt x 706.64pt>
File: /home/franek/Documents/magisterka/images/schemat-baza-stackoverflow.jpg G
raphic file (type jpg)
<use /home/franek/Documents/magisterka/images/schemat-baza-stackoverflow.jpg>
Package pdftex.def Info: /home/franek/Documents/magisterka/images/schemat-baza-
stackoverflow.jpg  used on input line 7.
(pdftex.def)             Requested size: 439.13956pt x 353.31914pt.

Overfull \hbox (49.13956pt too wide) in paragraph at lines 7--8
[][] 
 []

) [3] [4 </home/franek/Documents/magisterka/images/schemat-baza-stackoverflow.j
pg>] (./Explain.tex [5] [6]
LaTeX Font Info:    Try loading font information for T1+lmtt on input line 19.
 (/usr/share/texmf/tex/latex/lm/t1lmtt.fd
File: t1lmtt.fd 2009/10/30 v1.6 Font defs for Latin Modern
)
Overfull \hbox (29.9002pt too wide) in paragraph at lines 21--21
[]\T1/lmtt/m/n/12 SELECT[] u.DisplayName,[] c.CreationDate,[] c.`Text`[] FROM[]
 [] Comments[] c[] LEFT[]
 []

</home/franek/Documents/magisterka/images/explain7.png, id=26, 1174.3875pt x 85
.31876pt>
File: /home/franek/Documents/magisterka/images/explain7.png Graphic file (type 
png)
<use /home/franek/Documents/magisterka/images/explain7.png>
Package pdftex.def Info: /home/franek/Documents/magisterka/images/explain7.png 
 used on input line 23.
(pdftex.def)             Requested size: 469.74669pt x 34.12688pt.

Overfull \hbox (79.74669pt too wide) in paragraph at lines 23--24
[][] 
 []

</home/franek/Documents/magisterka/images/explain8.png, id=27, 1128.215pt x 106
.3975pt>
File: /home/franek/Documents/magisterka/images/explain8.png Graphic file (type 
png)
<use /home/franek/Documents/magisterka/images/explain8.png>
Package pdftex.def Info: /home/franek/Documents/magisterka/images/explain8.png 
 used on input line 31.
(pdftex.def)             Requested size: 451.278pt x 42.55824pt.

Overfull \hbox (61.278pt too wide) in paragraph at lines 31--32
[][] 
 []


Overfull \hbox (11.3752pt too wide) in paragraph at lines 36--36
[]\T1/lmtt/m/n/12 SELECT[] *[] FROM[] Comments[] WHERE[] UserId[] =[] (SELECT[]
 id[] FROM[] Users[] WHERE[]
 []

</home/franek/Documents/magisterka/images/explain9.png, id=28, 1178.4025pt x 80
.3pt>
File: /home/franek/Documents/magisterka/images/explain9.png Graphic file (type 
png)
<use /home/franek/Documents/magisterka/images/explain9.png>
Package pdftex.def Info: /home/franek/Documents/magisterka/images/explain9.png 
 used on input line 38.
(pdftex.def)             Requested size: 471.35265pt x 32.11942pt.

Overfull \hbox (81.35265pt too wide) in paragraph at lines 38--39
[][] 
 []


Overfull \hbox (5.2002pt too wide) in paragraph at lines 43--43
[]\T1/lmtt/m/n/12 SELECT[] *[] FROM[] Comments[] WHERE[] UserID[] in[] (SELECT[
] UserId[] FROM[] Posts[]
 []

</home/franek/Documents/magisterka/images/explain9a.png, id=29, 1143.27126pt x 
86.3225pt>
File: /home/franek/Documents/magisterka/images/explain9a.png Graphic file (type
 png)
<use /home/franek/Documents/magisterka/images/explain9a.png>
Package pdftex.def Info: /home/franek/Documents/magisterka/images/explain9a.png
  used on input line 45.
(pdftex.def)             Requested size: 457.3004pt x 34.52837pt.

Overfull \hbox (67.3004pt too wide) in paragraph at lines 45--46
[][] 
 []

[7 </home/franek/Documents/magisterka/images/explain7.png> </home/franek/Docume
nts/magisterka/images/explain8.png> </home/franek/Documents/magisterka/images/e
xplain9.png>]
Overfull \hbox (5.2002pt too wide) in paragraph at lines 50--50
[]\T1/lmtt/m/n/12 SELECT[] *[] FROM[] Comments[] WHERE[] UserID[] in[] (SELECT[
] UserId[] FROM[] Posts[]
 []

</home/franek/Documents/magisterka/images/explain10.png, id=35, 1199.48125pt x 
80.3pt>
File: /home/franek/Documents/magisterka/images/explain10.png Graphic file (type
 png)
<use /home/franek/Documents/magisterka/images/explain10.png>
Package pdftex.def Info: /home/franek/Documents/magisterka/images/explain10.png
  used on input line 52.
(pdftex.def)             Requested size: 479.78401pt x 32.11942pt.

Overfull \hbox (89.78401pt too wide) in paragraph at lines 52--53
[][] 
 []


Overfull \hbox (36.07521pt too wide) in paragraph at lines 57--57
[]\T1/lmtt/m/n/12 SELECT[] *[] FROM[] Posts[] [] WHERE[] OwnerUserId[] IN[] (SE
LECT[] id[] FROM[] Users[] WHERE[]
 []


Overfull \hbox (17.5502pt too wide) in paragraph at lines 57--57
\T1/lmtt/m/n/12 Reputation>1000[] UNION[] SELECT[] UserId[] FROM[] Comments[] W
HERE[] Score[] >10)[] 
 []

</home/franek/Documents/magisterka/images/explain11.png, id=36, 1097.09875pt x 
132.495pt>
File: /home/franek/Documents/magisterka/images/explain11.png Graphic file (type
 png)
<use /home/franek/Documents/magisterka/images/explain11.png>
Package pdftex.def Info: /home/franek/Documents/magisterka/images/explain11.png
  used on input line 59.
(pdftex.def)             Requested size: 438.83173pt x 52.99706pt.

Overfull \hbox (48.83173pt too wide) in paragraph at lines 59--60
[][] 
 []


Overfull \hbox (29.9002pt too wide) in paragraph at lines 64--64
[]\T1/lmtt/m/n/12 SELECT[] *[] FROM[] Comments[] WHERE[] UserId[] =[] (SELECT[]
 @var1[] FROM[] Users[] WHERE[]
 []

</home/franek/Documents/magisterka/images/explain12.png, id=37, 1124.2pt x 77.2
8876pt>
File: /home/franek/Documents/magisterka/images/explain12.png Graphic file (type
 png)
<use /home/franek/Documents/magisterka/images/explain12.png>
Package pdftex.def Info: /home/franek/Documents/magisterka/images/explain12.png
  used on input line 66.
(pdftex.def)             Requested size: 449.67204pt x 30.91495pt.

Overfull \hbox (59.67204pt too wide) in paragraph at lines 66--67
[][] 
 []

</home/franek/Documents/magisterka/images/explain13.png, id=38, 901.3675pt x 48
.18pt>
File: /home/franek/Documents/magisterka/images/explain13.png Graphic file (type
 png)
<use /home/franek/Documents/magisterka/images/explain13.png>
Package pdftex.def Info: /home/franek/Documents/magisterka/images/explain13.png
  used on input line 73.
(pdftex.def)             Requested size: 360.5406pt x 19.27164pt.
[8 </home/franek/Documents/magisterka/images/explain9a.png> </home/franek/Docum
ents/magisterka/images/explain10.png> </home/franek/Documents/magisterka/images
/explain11.png> </home/franek/Documents/magisterka/images/explain12.png> </home
/franek/Documents/magisterka/images/explain13.png>]
</home/franek/Documents/magisterka/images/explain24.png, id=42, 1066.98625pt x 
79.29625pt>
File: /home/franek/Documents/magisterka/images/explain24.png Graphic file (type
 png)
<use /home/franek/Documents/magisterka/images/explain24.png>
Package pdftex.def Info: /home/franek/Documents/magisterka/images/explain24.png
  used on input line 81.
(pdftex.def)             Requested size: 426.78694pt x 31.71793pt.

Overfull \hbox (36.78694pt too wide) in paragraph at lines 81--82
[][] 
 []

</home/franek/Documents/magisterka/images/explain25.png, id=43, 1321.93875pt x 
49.18375pt>
File: /home/franek/Documents/magisterka/images/explain25.png Graphic file (type
 png)
<use /home/franek/Documents/magisterka/images/explain25.png>
Package pdftex.def Info: /home/franek/Documents/magisterka/images/explain25.png
  used on input line 88.
(pdftex.def)             Requested size: 396.58469pt x 14.75522pt.

Overfull \hbox (6.58469pt too wide) in paragraph at lines 88--89
[][] 
 []

LaTeX Font Info:    Try loading font information for OMS+lmr on input line 102.

(/usr/share/texmf/tex/latex/lm/omslmr.fd
File: omslmr.fd 2009/10/30 v1.6 Font defs for Latin Modern
)
LaTeX Font Info:    Font shape `OMS/lmr/m/n' in size <12> not available
(Font)              Font shape `OMS/lmsy/m/n' tried instead on input line 102.
 [9 </home/franek/Documents/magisterka/images/explain24.png> </home/franek/Docu
ments/magisterka/images/explain25.png>]
Overfull \hbox (6.39728pt too wide) in paragraph at lines 109--110
\T1/lmr/m/n/12 znaj-du-j¡-cych si¦ w ta-beli tym-cza-so-wej be-d¡-cej wy-ni-kie
m zª¡-cze-nia (przy-
 []


Overfull \hbox (6.81203pt too wide) in paragraph at lines 111--112
[]\T1/lmr/bx/n/12 UNCACHABLE_SUBQUERY\T1/lmr/m/n/12 . Ozna-cza-j¡cy, »e za-py-t
a-nie nie mo»e
 []

[10]

! LaTeX Error: There's no line here to end.

See the LaTeX manual or LaTeX Companion for explanation.
Type  H <return>  for immediate help.
 ...                                              
                                                  
l.125 	\newline
               	WartoÅ›Ä‡ \textit{ALL} informuje o tym, Å¼e serwer musi prze...

Your command was ignored.
Type  I <command> <return>  to replace it with another command,
or  <return>  to continue without it.

[11]
! Extra }, or forgotten \endgroup.
<recently read> }
                 
l.132 	\item \textbf{Index\textunderscore merge}}
                                                 
I've deleted a group-closing symbol because it seems to be
spurious, as in `$x}$'. But perhaps the } is legitimate and
you forgot something else, as in `\hbox{$x}'. In such cases
the way to recover is to insert both the forgotten and the
deleted material, e.g., by typing `I$}'.

[12] [13]
Underfull \hbox (badness 10000) in paragraph at lines 156--158

 []

[14]
Overfull \hbox (5.2002pt too wide) in paragraph at lines 184--184
[]\T1/lmtt/m/n/12 SELECT[] *[] FROM[] Posts[] p[] JOIN[] PostTypes[] pt[] ON[] 
p.PostTypeId[] =[] pt.Id;[] 
 []

</home/franek/Documents/magisterka/images/explain14.png, id=64, 1038.88126pt x 
79.29625pt>
File: /home/franek/Documents/magisterka/images/explain14.png Graphic file (type
 png)
<use /home/franek/Documents/magisterka/images/explain14.png>
Package pdftex.def Info: /home/franek/Documents/magisterka/images/explain14.png
  used on input line 186.
(pdftex.def)             Requested size: 415.54514pt x 31.71793pt.

Overfull \hbox (25.54514pt too wide) in paragraph at lines 186--187
[][] 
 []

[15] [16 </home/franek/Documents/magisterka/images/explain14.png>]
Underfull \hbox (badness 10000) in paragraph at lines 205--210

 []


Underfull \hbox (badness 10000) in paragraph at lines 205--210

 []


Underfull \hbox (badness 10000) in paragraph at lines 205--210

 []


Underfull \hbox (badness 10000) in paragraph at lines 205--210

 []


Underfull \hbox (badness 10000) in paragraph at lines 205--210

 []

) [17] (./ArchitekturaMySQL.tex [18] [19] [20]) [21] (./DataStoreEngines.tex
[22]
</home/franek/Documents/magisterka/images/innodb-files.png, id=90, 491.8375pt x
 249.93375pt>
File: /home/franek/Documents/magisterka/images/innodb-files.png Graphic file (t
ype png)
<use /home/franek/Documents/magisterka/images/innodb-files.png>
Package pdftex.def Info: /home/franek/Documents/magisterka/images/innodb-files.
png  used on input line 27.
(pdftex.def)             Requested size: 211.486pt x 107.4694pt.
 [23] [24 </home/franek/Documents/magisterka/images/innodb-files.png>]
[25] [26] [27]
</home/franek/Documents/magisterka/images/engines_tests.png, id=108, 214.8025pt
 x 257.96375pt>
File: /home/franek/Documents/magisterka/images/engines_tests.png Graphic file (
type png)
<use /home/franek/Documents/magisterka/images/engines_tests.png>
Package pdftex.def Info: /home/franek/Documents/magisterka/images/engines_tests
.png  used on input line 112.
(pdftex.def)             Requested size: 126.73238pt x 152.19728pt.
</home/franek/Documents/magisterka/images/engines_storage.png, id=109, 655.4487
5pt x 234.8775pt>
File: /home/franek/Documents/magisterka/images/engines_storage.png Graphic file
 (type png)
<use /home/franek/Documents/magisterka/images/engines_storage.png>
Package pdftex.def Info: /home/franek/Documents/magisterka/images/engines_stora
ge.png  used on input line 118.
(pdftex.def)             Requested size: 393.27228pt x 140.92758pt.

Overfull \hbox (3.27228pt too wide) in paragraph at lines 118--120
 [][] 
 []


LaTeX Warning: `!h' float specifier changed to `!ht'.

</home/franek/Documents/magisterka/images/memory_engine_storage.png, id=110, 39
7.485pt x 351.3125pt>
File: /home/franek/Documents/magisterka/images/memory_engine_storage.png Graphi
c file (type png)
<use /home/franek/Documents/magisterka/images/memory_engine_storage.png>
Package pdftex.def Info: /home/franek/Documents/magisterka/images/memory_engine
_storage.png  used on input line 126.
(pdftex.def)             Requested size: 238.49283pt x 210.78911pt.
[28 </home/franek/Documents/magisterka/images/engines_tests.png>]

LaTeX Warning: `!h' float specifier changed to `!ht'.

[29 </home/franek/Documents/magisterka/images/engines_storage.png>]
Overfull \hbox (17.5502pt too wide) in paragraph at lines 142--142
[]\T1/lmtt/m/n/12 sysbench[] --db-driver=mysql[] --mysql-user=root[] --mysql-pa
ssword=root[]
 []


Overfull \hbox (104.00024pt too wide) in paragraph at lines 142--142
\T1/lmtt/m/n/12 --mysql-db=test[] --table_size=2000000[] --range_selects=off[] 
--mysql_storage_engine=[] 
 []

</home/franek/Documents/magisterka/images/struktura_sbtest1.png, id=117, 418.56
375pt x 149.55875pt>
File: /home/franek/Documents/magisterka/images/struktura_sbtest1.png Graphic fi
le (type png)
<use /home/franek/Documents/magisterka/images/struktura_sbtest1.png>
Package pdftex.def Info: /home/franek/Documents/magisterka/images/struktura_sbt
est1.png  used on input line 147.
(pdftex.def)             Requested size: 251.14018pt x 89.73593pt.
[30 </home/franek/Documents/magisterka/images/memory_engine_storage.png> </home
/franek/Documents/magisterka/images/struktura_sbtest1.png>]
</home/franek/Documents/magisterka/images/sysbench_statistics.png, id=121, 626.
34pt x 541.02126pt>
File: /home/franek/Documents/magisterka/images/sysbench_statistics.png Graphic 
file (type png)
<use /home/franek/Documents/magisterka/images/sysbench_statistics.png>
Package pdftex.def Info: /home/franek/Documents/magisterka/images/sysbench_stat
istics.png  used on input line 158.
(pdftex.def)             Requested size: 375.80688pt x 324.61525pt.

Overfull \hbox (58.0322pt too wide) in paragraph at lines 162--169
 [] 
 []

[31 </home/franek/Documents/magisterka/images/sysbench_statistics.png>]
Overfull \hbox (17.5502pt too wide) in paragraph at lines 178--178
[]\T1/lmtt/m/n/12 sysbench[] --db-driver=mysql[] --mysql-user=root[] --mysql-pa
ssword=root[]
 []


Overfull \hbox (60.77522pt too wide) in paragraph at lines 178--178
\T1/lmtt/m/n/12 --mysql-db=test[] --table_size=2000000[] --num-threads=12[] --r
ange_selects=off[]
 []


Overfull \hbox (104.00024pt too wide) in paragraph at lines 178--178
\T1/lmtt/m/n/12 --mysql_storage_engine=<nazwa[] silinika>[] [] /usr/share/sysbe
nch/oltp_read_write.lua[]
 []

</home/franek/Documents/magisterka/images/wyniki_testu_symulatnicznych_odczytow
.png, id=126, 641.39626pt x 641.39626pt>
File: /home/franek/Documents/magisterka/images/wyniki_testu_symulatnicznych_odc
zytow.png Graphic file (type png)
<use /home/franek/Documents/magisterka/images/wyniki_testu_symulatnicznych_odcz
ytow.png>
Package pdftex.def Info: /home/franek/Documents/magisterka/images/wyniki_testu_
symulatnicznych_odczytow.png  used on input line 187.
(pdftex.def)             Requested size: 384.84071pt x 384.84071pt.
[32]
Overfull \hbox (58.0322pt too wide) in paragraph at lines 191--198
 [] 
 []

[33 </home/franek/Documents/magisterka/images/wyniki_testu_symulatnicznych_odcz
ytow.png>]
Overfull \hbox (17.5502pt too wide) in paragraph at lines 205--205
[]\T1/lmtt/m/n/12 sysbench[] --db-driver=mysql[] --mysql-user=root[] --mysql-pa
ssword=root[]
 []


Overfull \hbox (17.5502pt too wide) in paragraph at lines 205--205
\T1/lmtt/m/n/12 --mysql-db=test[] --table_size=2000000[] --mysql_storage_engine
=<nazwa[]
 []


Overfull \hbox (42.25021pt too wide) in paragraph at lines 205--205
\T1/lmtt/m/n/12 silniku>[] --num-threads=12[] /usr/share/sysbench/select_random
_ranges.lua[]
 []


Overfull \hbox (23.7252pt too wide) in paragraph at lines 226--226
[][] \T1/lmtt/m/n/12 sysbench[] --db-driver=mysql[] --mysql-user=root[] --mysql
-password=root[]
 []


Overfull \hbox (17.5502pt too wide) in paragraph at lines 226--226
\T1/lmtt/m/n/12 --mysql-db=test[] --table_size=2000000[] --mysql_storage_engine
=<nazwa[]
 []


Overfull \hbox (36.07521pt too wide) in paragraph at lines 226--226
\T1/lmtt/m/n/12 silnika>[] --num-threads=12[] /usr/share/sysbench/oltp_insert.l
ua[] prepare[] 
 []

[34]
Overfull \hbox (17.5502pt too wide) in paragraph at lines 247--247
[]\T1/lmtt/m/n/12 sysbench[] --db-driver=mysql[] --mysql-user=root[] --mysql-pa
ssword=root[]
 []


Overfull \hbox (85.47523pt too wide) in paragraph at lines 247--247
\T1/lmtt/m/n/12 --mysql-db=test[] --table_size=2000000[] --num-threads=12[] --m
ysql-storage_engine=[] 
 []


Overfull \hbox (11.3752pt too wide) in paragraph at lines 247--247
[]\T1/lmtt/m/n/12 <nazwa[] silnika>[] /usr/share/sysbench/oltp_update_index.lua
[] prepare[] 
 []


Overfull \hbox (44.12314pt too wide) in paragraph at lines 251--258
 [] 
 []

[35]
Overfull \hbox (17.5502pt too wide) in paragraph at lines 269--269
[]\T1/lmtt/m/n/12 sysbench[] --db-driver=mysql[] --mysql-user=root[] --mysql-pa
ssword=root[]
 []


Overfull \hbox (85.47523pt too wide) in paragraph at lines 269--269
\T1/lmtt/m/n/12 --mysql-db=test[] --table_size=2000000[] --num-threads=12[] --m
ysql-storage_engine=[] 
 []


Overfull \hbox (36.07521pt too wide) in paragraph at lines 269--269
[]\T1/lmtt/m/n/12 <nazwa[] silnika>[] /usr/share/sysbench/oltp_update_non_index
.lua[] prepare[] 
 []


Overfull \hbox (7.34091pt too wide) in paragraph at lines 271--278
 [] 
 []


Overfull \hbox (17.5502pt too wide) in paragraph at lines 285--285
[]\T1/lmtt/m/n/12 sysbench[] --db-driver=mysql[] --mysql-user=root[] --mysql-pa
ssword=root[]
 []


Overfull \hbox (122.52525pt too wide) in paragraph at lines 285--285
\T1/lmtt/m/n/12 --mysql-db=test[] --table_size=2000000[] --num-threads=12[] --m
ysql-storage_engine=<nazwa[]
 []


Overfull \hbox (7.34091pt too wide) in paragraph at lines 288--295
 [] 
 []

) [36] [37] (./optimizer.tex [38] [39]
Overfull \hbox (16.04988pt too wide) in paragraph at lines 22--22
 []\T1/lmtt/m/n/12 EXPLAIN[] SELECT[] *[] FROM[] Comments[] WHERE[] UserId[] =[
] (SELECT[] MIN(id)[]
 []

</home/franek/Documents/magisterka/images/explain20.png, id=152, 1190.4475pt x 
80.3pt>
File: /home/franek/Documents/magisterka/images/explain20.png Graphic file (type
 png)
<use /home/franek/Documents/magisterka/images/explain20.png>
Package pdftex.def Info: /home/franek/Documents/magisterka/images/explain20.png
  used on input line 26.
(pdftex.def)             Requested size: 440.45868pt x 29.71053pt.

Overfull \hbox (50.45868pt too wide) in paragraph at lines 26--28
 [][] 
 []

[40 </home/franek/Documents/magisterka/images/explain20.png>]
Overfull \hbox (29.9002pt too wide) in paragraph at lines 42--42
[]\T1/lmtt/m/n/12 SELECT[] *[] FROM[] Posts[] p[] LEFT[] JOIN[] PostTypes[] pt[
] ON[] p.PostTypeId[] =[] pt.Id[]
 []


Overfull \hbox (11.3752pt too wide) in paragraph at lines 42--42
\T1/lmtt/m/n/12 LEFT[] JOIN[] PostLinks[] pl[] ON[] p.Id[] =[] pl.PostId[] LEFT
[] JOIN[] LinkTypes[] lt[]
 []

</home/franek/Documents/magisterka/images/PLAN_WYKONANIA_1.png, id=156, 713.666
24pt x 342.27875pt>
File: /home/franek/Documents/magisterka/images/PLAN_WYKONANIA_1.png Graphic fil
e (type png)
<use /home/franek/Documents/magisterka/images/PLAN_WYKONANIA_1.png>
Package pdftex.def Info: /home/franek/Documents/magisterka/images/PLAN_WYKONANI
A_1.png  used on input line 45.
(pdftex.def)             Requested size: 321.14684pt x 154.024pt.
</home/franek/Documents/magisterka/images/PLAN_WYKONANIA_2.png, id=158, 485.815
pt x 402.50375pt>
File: /home/franek/Documents/magisterka/images/PLAN_WYKONANIA_2.png Graphic fil
e (type png)
<use /home/franek/Documents/magisterka/images/PLAN_WYKONANIA_2.png>
Package pdftex.def Info: /home/franek/Documents/magisterka/images/PLAN_WYKONANI
A_2.png  used on input line 49.
(pdftex.def)             Requested size: 218.61473pt x 181.125pt.
[41 </home/franek/Documents/magisterka/images/PLAN_WYKONANIA_1.png>]
</home/franek/Documents/magisterka/images/explain21.png, id=163, 626.34pt x 323
.2075pt>
File: /home/franek/Documents/magisterka/images/explain21.png Graphic file (type
 png)
<use /home/franek/Documents/magisterka/images/explain21.png>
Package pdftex.def Info: /home/franek/Documents/magisterka/images/explain21.png
  used on input line 53.
(pdftex.def)             Requested size: 313.16922pt x 161.60335pt.
 [42 </home/franek/Documents/magisterka/images/PLAN_WYKONANIA_2.png> </home/fra
nek/Documents/magisterka/images/explain21.png>]
Overfull \hbox (5.2002pt too wide) in paragraph at lines 62--62
[]\T1/lmtt/m/n/12 SELECT[] u.Id,[] p.Id,[] c.Id,[] pt.`Type`[] FROM[] Users[] u
[] INNER[] JOIN[] Posts[]
 []


Overfull \hbox (17.5502pt too wide) in paragraph at lines 62--62
\T1/lmtt/m/n/12 p[] ON[] u.Id[] =[] p.OwnerUserId INNER[] JOIN[] Comments[] c[]
 ON[] c.UserId[] =[] u.Id[]
 []

</home/franek/Documents/magisterka/images/explain22.png, id=168, 883.3pt x 138.
5175pt>
File: /home/franek/Documents/magisterka/images/explain22.png Graphic file (type
 png)
<use /home/franek/Documents/magisterka/images/explain22.png>
Package pdftex.def Info: /home/franek/Documents/magisterka/images/explain22.png
  used on input line 66.
(pdftex.def)             Requested size: 397.48132pt x 62.33229pt.

Overfull \hbox (7.48132pt too wide) in paragraph at lines 66--67
 [] 
 []


Overfull \hbox (14.93083pt too wide) in paragraph at lines 68--69
\T1/lmr/m/n/12 Nast¦pnie mo-dy-fi-ku-jemy za-py-ta-nie do-da-j¡c sªowo klu-czow
e STRA-IGHT_JOIN,
 []

</home/franek/Documents/magisterka/images/explain23.png, id=169, 885.3075pt x 1
36.51pt>
File: /home/franek/Documents/magisterka/images/explain23.png Graphic file (type
 png)
<use /home/franek/Documents/magisterka/images/explain23.png>
Package pdftex.def Info: /home/franek/Documents/magisterka/images/explain23.png
  used on input line 70.
(pdftex.def)             Requested size: 398.38469pt x 61.42892pt.

Overfull \hbox (8.38469pt too wide) in paragraph at lines 70--71
 [] 
 []

[43 </home/franek/Documents/magisterka/images/explain22.png> </home/franek/Docu
ments/magisterka/images/explain23.png>]
Overfull \hbox (0.12413pt too wide) in paragraph at lines 83--84
\T1/lmr/m/n/12 opty-ma-li-za-tor My-SQL nie za-wsze mo»e spraw-dzi¢ wszyst-kie 
po-ten-cjalne kom-
 []

[44]
Overfull \hbox (5.2002pt too wide) in paragraph at lines 120--120
[]\T1/lmtt/m/n/12 INSERT[] INTO[] `students`[] (`id`,[] `lecturer_id`,[] `value
`)[] VALUES[] (0,[]
 []


Overfull \hbox (5.2002pt too wide) in paragraph at lines 120--120
[]\T1/lmtt/m/n/12 INSERT[] INTO[] `students`[] (`id`,[] `lecturer_id`,[] `value
`)[] VALUES[] (0,[]
 []

[45]
Overfull \hbox (17.5502pt too wide) in paragraph at lines 135--135
[]\T1/lmtt/m/n/12 AND[] EXISTS[] (SELECT[] 1[] FROM[] students[] AS[] s[] WHERE
[] s.lecturer_id[] =[] p.id[]
 []


Overfull \hbox (17.5502pt too wide) in paragraph at lines 135--135
[]\T1/lmtt/m/n/12 AND[] EXISTS[] (SELECT[] 1[] FROM[] students[] AS[] s[] WHERE
[] s.lecturer_id[] =[] p.id[]
 []


Overfull \hbox (17.5502pt too wide) in paragraph at lines 135--135
[]\T1/lmtt/m/n/12 AND[] EXISTS[] (SELECT[] 1[] FROM[] students[] AS[] s[] WHERE
[] s.lecturer_id[] =[] p.id[]
 []


Overfull \hbox (17.5502pt too wide) in paragraph at lines 135--135
[]\T1/lmtt/m/n/12 AND[] EXISTS[] (SELECT[] 1[] FROM[] students[] AS[] s[] WHERE
[] s.lecturer_id[] =[] p.id[]
 []


Overfull \hbox (17.5502pt too wide) in paragraph at lines 135--135
[]\T1/lmtt/m/n/12 AND[] EXISTS[] (SELECT[] 1[] FROM[] students[] AS[] s[] WHERE
[] s.lecturer_id[] =[] p.id[]
 []


Overfull \hbox (17.5502pt too wide) in paragraph at lines 135--135
[]\T1/lmtt/m/n/12 AND[] EXISTS[] (SELECT[] 1[] FROM[] students[] AS[] s[] WHERE
[] s.lecturer_id[] =[] p.id[]
 []


Overfull \hbox (17.5502pt too wide) in paragraph at lines 135--135
[]\T1/lmtt/m/n/12 AND[] EXISTS[] (SELECT[] 1[] FROM[] students[] AS[] s[] WHERE
[] s.lecturer_id[] =[] p.id[]
 []


Overfull \hbox (17.5502pt too wide) in paragraph at lines 135--135
[]\T1/lmtt/m/n/12 AND[] EXISTS[] (SELECT[] 1[] FROM[] students[] AS[] s[] WHERE
[] s.lecturer_id[] =[] p.id[]
 []


Overfull \hbox (17.5502pt too wide) in paragraph at lines 135--135
[]\T1/lmtt/m/n/12 AND[] EXISTS[] (SELECT[] 1[] FROM[] students[] AS[] s[] WHERE
[] s.lecturer_id[] =[] p.id[]
 []


Overfull \hbox (17.5502pt too wide) in paragraph at lines 135--135
[]\T1/lmtt/m/n/12 AND[] EXISTS[] (SELECT[] 1[] FROM[] students[] AS[] s[] WHERE
[] s.lecturer_id[] =[] p.id[]
 []

[46]
</home/franek/Documents/magisterka/images/profile1.png, id=183, 375.4025pt x 77
.28876pt>
File: /home/franek/Documents/magisterka/images/profile1.png Graphic file (type 
png)
<use /home/franek/Documents/magisterka/images/profile1.png>
Package pdftex.def Info: /home/franek/Documents/magisterka/images/profile1.png 
 used on input line 157.
(pdftex.def)             Requested size: 225.24323pt x 46.3736pt.
 [47 </home/franek/Documents/magisterka/images/profile1.png>] [48]
Underfull \hbox (badness 10000) in paragraph at lines 177--179
[]\T1/lmr/bx/n/12 Warto±ci sta-ty-styczne od-bie-gaj¡ od rze-czy-wi-stych.
 []


Overfull \hbox (0.16577pt too wide) in paragraph at lines 177--179
\T1/lmr/m/n/12 po-rów-na¢ dane sta-ty-styczne znaj-du-j¡ce si¦ w ta-beli \T1/lm
r/m/it/12 in-nodb_index_stats
 []


Overfull \hbox (6.24841pt too wide) in paragraph at lines 180--183
[]\T1/lmr/m/n/12 Sprawdzono do-kªad-no±¢ da-nych sta-ty-stycz-nych dla in-dek-s
ów ta-beli \T1/lmr/m/it/12 Posts
 []


Overfull \hbox (40.7499pt too wide) in paragraph at lines 188--188
 []\T1/lmtt/m/n/12 SELECT[] count(DISTINCT[] OwnerUserId)[] from[] Posts;[] #li
czba[] unikalnych[]
 []


Overfull \hbox (59.2749pt too wide) in paragraph at lines 188--188
 []\T1/lmtt/m/n/12 SELECT[] stat_value[] FROM[] mysql.innodb_index_stats[] WHER
E[] database_name=[] 
 []


Overfull \hbox (16.04988pt too wide) in paragraph at lines 188--188
 []\T1/lmtt/m/n/12 'stackOverflowMedium'[] AND[] table_name[] =[] 'Posts'[] AND
[] index_name[]
 []

[49]
Overfull \hbox (59.2749pt too wide) in paragraph at lines 196--196
 []\T1/lmtt/m/n/12 SELECT[] stat_value[] FROM[] mysql.innodb_index_stats[] WHER
E[] database_name=[] 
 []


Overfull \hbox (9.87488pt too wide) in paragraph at lines 196--196
 []\T1/lmtt/m/n/12 AND[] table_name[] =[] 'Posts'[] AND[] index_name[] =[] 'fav
orite_idx'[] AND[] 
 []

! Undefined control sequence.
l.201 			sample pages & owner\textuderscore
                                            idx & favorite\textunderscore id...
The control sequence at the end of the top line
of your error message was never \def'ed. If you have
misspelled it (e.g., `\hobx'), type `I' and the correct
spelling (e.g., `I\hbox'). Otherwise just continue,
and I'll forget about whatever was undefined.


Overfull \hbox (40.95358pt too wide) in paragraph at lines 199--212
 [] 
 []


Underfull \hbox (badness 10000) in paragraph at lines 215--217
[]\T1/lmr/bx/n/12 Zbyt dªugi czas zbie-ra-nia sta-ty-styk dla ta-beli
 []

[50]) [51] (./scalability.tex [52] [53] [54] [55]
</home/franek/Documents/magisterka/images/architektura-z-load-balancerem.png, i
d=214, 543.02875pt x 701.62125pt>
File: /home/franek/Documents/magisterka/images/architektura-z-load-balancerem.p
ng Graphic file (type png)
<use /home/franek/Documents/magisterka/images/architektura-z-load-balancerem.pn
g>
Package pdftex.def Info: /home/franek/Documents/magisterka/images/architektura-
z-load-balancerem.png  used on input line 51.
(pdftex.def)             Requested size: 190.0629pt x 245.5711pt.
 [56 </home/franek/Documents/magisterka/images/architektura-z-load-balancerem.p
ng>] [57] [58]
</home/franek/Documents/magisterka/images/partycjonowanie-funkcjonalne.png, id=
225, 261.97874pt x 272.01625pt>
File: /home/franek/Documents/magisterka/images/partycjonowanie-funkcjonalne.png
 Graphic file (type png)
<use /home/franek/Documents/magisterka/images/partycjonowanie-funkcjonalne.png>

Package pdftex.def Info: /home/franek/Documents/magisterka/images/partycjonowan
ie-funkcjonalne.png  used on input line 70.
(pdftex.def)             Requested size: 183.38387pt x 190.41006pt.
 [59 </home/franek/Documents/magisterka/images/partycjonowanie-funkcjonalne.png
>]
</home/franek/Documents/magisterka/images/Partycjonowanie-funkcjonalne-sharding
.png, id=230, 352.31625pt x 422.57875pt>
File: /home/franek/Documents/magisterka/images/Partycjonowanie-funkcjonalne-sha
rding.png Graphic file (type png)
<use /home/franek/Documents/magisterka/images/Partycjonowanie-funkcjonalne-shar
ding.png>
Package pdftex.def Info: /home/franek/Documents/magisterka/images/Partycjonowan
ie-funkcjonalne-sharding.png  used on input line 84.
(pdftex.def)             Requested size: 176.15768pt x 211.28885pt.


LaTeX Warning: `!h' float specifier changed to `!ht'.

</home/franek/Documents/magisterka/images/InnoDb-cluster-architektura.png, id=2
31, 638.385pt x 452.69125pt>
File: /home/franek/Documents/magisterka/images/InnoDb-cluster-architektura.png 
Graphic file (type png)
<use /home/franek/Documents/magisterka/images/InnoDb-cluster-architektura.png>
Package pdftex.def Info: /home/franek/Documents/magisterka/images/InnoDb-cluste
r-architektura.png  used on input line 94.
(pdftex.def)             Requested size: 223.43808pt x 158.4443pt.

LaTeX Warning: `!h' float specifier changed to `!ht'.

[60] [61 </home/franek/Documents/magisterka/images/Partycjonowanie-funkcjonalne
-sharding.png> </home/franek/Documents/magisterka/images/InnoDb-cluster-archite
ktura.png>]) [62] (./partycjonowanie.tex [63]
Overfull \hbox (36.07521pt too wide) in paragraph at lines 36--36
[]\T1/lmtt/m/n/12 ALTER[] TABLE[] Votes_partitioned[] PARTITION[] BY[] RANGE(YE
AR[] (creationDate))[]
 []

</home/franek/Documents/magisterka/images/votes_partitioned_files.png, id=247, 
876.27374pt x 203.76125pt>
File: /home/franek/Documents/magisterka/images/votes_partitioned_files.png Grap
hic file (type png)
<use /home/franek/Documents/magisterka/images/votes_partitioned_files.png>
Package pdftex.def Info: /home/franek/Documents/magisterka/images/votes_partiti
oned_files.png  used on input line 42.
(pdftex.def)             Requested size: 376.79036pt x 87.61562pt.
[64]
Overfull \hbox (11.3752pt too wide) in paragraph at lines 58--58
[]\T1/lmtt/m/n/12 SELECT[] count(id)[] FROM[] Votes_partitioned[] v[] WHERE[] v
.VoteTypeId[] =[] 12[]
 []


Overfull \hbox (54.60022pt too wide) in paragraph at lines 58--58
[]\T1/lmtt/m/n/12 SELECT[] count(id)[] FROM[] Votes[] v[] WHERE[] v.VoteTypeId[
] =[] 12[] AND[] v.CreationDate[]
 []

[65 </home/franek/Documents/magisterka/images/votes_partitioned_files.png>]
</home/franek/Documents/magisterka/images/explain_without_rage_partition1.png, 
id=254, 816.04875pt x 64.24pt>
File: /home/franek/Documents/magisterka/images/explain_without_rage_partition1.
png Graphic file (type png)
<use /home/franek/Documents/magisterka/images/explain_without_rage_partition1.p
ng>
Package pdftex.def Info: /home/franek/Documents/magisterka/images/explain_witho
ut_rage_partition1.png  used on input line 63.
(pdftex.def)             Requested size: 350.89412pt x 27.62265pt.
</home/franek/Documents/magisterka/images/explain_range_partition1.png, id=255,
 821.0675pt x 62.2325pt>
File: /home/franek/Documents/magisterka/images/explain_range_partition1.png Gra
phic file (type png)
<use /home/franek/Documents/magisterka/images/explain_range_partition1.png>
Package pdftex.def Info: /home/franek/Documents/magisterka/images/explain_range
_partition1.png  used on input line 69.
(pdftex.def)             Requested size: 353.05214pt x 26.75945pt.

[66 </home/franek/Documents/magisterka/images/explain_without_rage_partition1.p
ng> </home/franek/Documents/magisterka/images/explain_range_partition1.png>])
[67] (./Indeksy.tex (./BTree.tex [68] [69]
Overfull \hbox (25.00302pt too wide) in paragraph at lines 20--21
\T1/lmr/m/n/12 utworzono in-deks typu B-Tree na dwóch ko-lum-nach \T1/lmr/m/it/
12 first_UserId \T1/lmr/m/n/12 oraz \T1/lmr/m/it/12 last_PostId\T1/lmr/m/n/12 .
 
 []


Overfull \hbox (54.59322pt too wide) in paragraph at lines 31--31
[]    \T1/lmtt/m/n/12 SELECT * FROM Init_Comments WHERE UserId = 1200 AND PostI
d = 910331;[] 
 []


Overfull \hbox (23.7182pt too wide) in paragraph at lines 38--38
[]    \T1/lmtt/m/n/12 SELECT * FROM Comments WHERE UserId = 1200 AND PostId = 9
10331;[] 
 []

[70]
</home/franek/Documents/magisterka/images/explain1.jpg, id=275, 835.12pt x 119.
44624pt>
File: /home/franek/Documents/magisterka/images/explain1.jpg Graphic file (type 
jpg)
<use /home/franek/Documents/magisterka/images/explain1.jpg>
Package pdftex.def Info: /home/franek/Documents/magisterka/images/explain1.jpg 
 used on input line 42.
(pdftex.def)             Requested size: 417.55898pt x 59.72296pt.

Overfull \hbox (27.55898pt too wide) in paragraph at lines 42--43
[][] 
 []

</home/franek/Documents/magisterka/images/explain2.jpg, id=276, 837.1275pt x 12
4.465pt>
File: /home/franek/Documents/magisterka/images/explain2.jpg Graphic file (type 
jpg)
<use /home/franek/Documents/magisterka/images/explain2.jpg>
Package pdftex.def Info: /home/franek/Documents/magisterka/images/explain2.jpg 
 used on input line 48.
(pdftex.def)             Requested size: 418.56273pt x 62.23235pt.

Overfull \hbox (28.56273pt too wide) in paragraph at lines 48--49
[][] 
 []

[71 </home/franek/Documents/magisterka/images/explain1.jpg> </home/franek/Docum
ents/magisterka/images/explain2.jpg>]
</home/franek/Documents/magisterka/images/explain3.jpg, id=280, 840.13875pt x 1
21.45375pt>
File: /home/franek/Documents/magisterka/images/explain3.jpg Graphic file (type 
jpg)
<use /home/franek/Documents/magisterka/images/explain3.jpg>
Package pdftex.def Info: /home/franek/Documents/magisterka/images/explain3.jpg 
 used on input line 66.
(pdftex.def)             Requested size: 420.06834pt x 60.72672pt.

Overfull \hbox (30.06834pt too wide) in paragraph at lines 66--67
[][] 
 []

</home/franek/Documents/magisterka/images/explain4.jpg, id=281, 941.5175pt x 11
9.44624pt>
File: /home/franek/Documents/magisterka/images/explain4.jpg Graphic file (type 
jpg)
<use /home/franek/Documents/magisterka/images/explain4.jpg>
Package pdftex.def Info: /home/franek/Documents/magisterka/images/explain4.jpg 
 used on input line 71.
(pdftex.def)             Requested size: 470.7576pt x 59.72296pt.

Overfull \hbox (80.7576pt too wide) in paragraph at lines 71--72
[][] 
 []

[72 </home/franek/Documents/magisterka/images/explain3.jpg> </home/franek/Docum
ents/magisterka/images/explain4.jpg>]
Overfull \hbox (29.8862pt too wide) in paragraph at lines 81--81
[]    \T1/lmtt/m/n/12 SELECT * FROM Init_Comments WHERE UserId >1990 AND UserId
 <2000;[] 
 []

</home/franek/Documents/magisterka/images/explain5.png, id=285, 937.5025pt x 50
.1875pt>
File: /home/franek/Documents/magisterka/images/explain5.png Graphic file (type 
png)
<use /home/franek/Documents/magisterka/images/explain5.png>
Package pdftex.def Info: /home/franek/Documents/magisterka/images/explain5.png 
 used on input line 90.
(pdftex.def)             Requested size: 468.7501pt x 25.09367pt.

Overfull \hbox (78.7501pt too wide) in paragraph at lines 90--91
[][] 
 []


Overfull \hbox (1.59175pt too wide) in paragraph at lines 87--93
\T1/lmr/m/n/12 Nast¦pnie prze-ana-li-zo-wano wy-nik po-le-ce-nia EXPLAIN dla ob
u za-py-ta«. Przy
 []


Overfull \hbox (4.08641pt too wide) in paragraph at lines 87--93
\T1/lmr/m/n/12 pierw-szym za-py-ta-niu My-SQL prze-ska-no-waª caª¡ ta-bel¦ Init
_Comments. Dru-
 []

</home/franek/Documents/magisterka/images/explain6.png, id=286, 937.5025pt x 51
.19125pt>
File: /home/franek/Documents/magisterka/images/explain6.png Graphic file (type 
png)
<use /home/franek/Documents/magisterka/images/explain6.png>
Package pdftex.def Info: /home/franek/Documents/magisterka/images/explain6.png 
 used on input line 95.
(pdftex.def)             Requested size: 468.7501pt x 25.59555pt.

Overfull \hbox (78.7501pt too wide) in paragraph at lines 95--96
[][] 
 []


Underfull \hbox (badness 10000) in paragraph at lines 105--106

 []

[73 </home/franek/Documents/magisterka/images/explain5.png> </home/franek/Docum
ents/magisterka/images/explain6.png>]) (./Hash.tex [74]) (./Spatial.tex
[75])) [76] (./PraktyczneProblemy.tex
Overfull \hbox (11.3752pt too wide) in paragraph at lines 21--21
[]\T1/lmtt/m/n/12 EXPLAIN[] SELECT[] Reputation,UpVotes[] FROM[] Users[] ORDER[
] BY[] Reputation,[]
 []

</home/franek/Documents/magisterka/images/explain15.png, id=300, 995.72pt x 50.
1875pt>
File: /home/franek/Documents/magisterka/images/explain15.png Graphic file (type
 png)
<use /home/franek/Documents/magisterka/images/explain15.png>
Package pdftex.def Info: /home/franek/Documents/magisterka/images/explain15.png
  used on input line 25.
(pdftex.def)             Requested size: 398.28094pt x 20.07463pt.

Overfull \hbox (8.28094pt too wide) in paragraph at lines 25--26
[][] 
 []

[77]
Overfull \hbox (42.25021pt too wide) in paragraph at lines 30--30
[]\T1/lmtt/m/n/12 EXPLAIN[] SELECT[] Id,[] Reputation,[] UpVotes[] FROM[] Users
[] ORDER[] BY[] Reputation,[]
 []

</home/franek/Documents/magisterka/images/explain16.png, id=304, 994.71625pt x 
49.18375pt>
File: /home/franek/Documents/magisterka/images/explain16.png Graphic file (type
 png)
<use /home/franek/Documents/magisterka/images/explain16.png>
Package pdftex.def Info: /home/franek/Documents/magisterka/images/explain16.png
  used on input line 32.
(pdftex.def)             Requested size: 397.87946pt x 19.67314pt.

Overfull \hbox (7.87946pt too wide) in paragraph at lines 32--33
[][] 
 []


Overfull \hbox (42.25021pt too wide) in paragraph at lines 40--40
[]\T1/lmtt/m/n/12 EXPLAIN[] SELECT[] Id,[] Reputation,[] UpVotes[] FROM[] Users
[] ORDER[] BY[] Reputation,[]
 []

</home/franek/Documents/magisterka/images/explain17.png, id=305, 1001.7425pt x 
49.18375pt>
File: /home/franek/Documents/magisterka/images/explain17.png Graphic file (type
 png)
<use /home/franek/Documents/magisterka/images/explain17.png>
Package pdftex.def Info: /home/franek/Documents/magisterka/images/explain17.png
  used on input line 43.
(pdftex.def)             Requested size: 400.6899pt x 19.67314pt.

Overfull \hbox (10.6899pt too wide) in paragraph at lines 43--44
[][] 
 []

[78 </home/franek/Documents/magisterka/images/explain15.png> </home/franek/Docu
ments/magisterka/images/explain16.png> </home/franek/Documents/magisterka/image
s/explain17.png>]
Overfull \hbox (11.3752pt too wide) in paragraph at lines 51--51
[]\T1/lmtt/m/n/12 EXPLAIN[] SELECT[] u.*[] FROM[] Users[] u[] ORDER[] BY[] u.Up
Votes,[] u.Reputation;[] 
 []


Overfull \hbox (17.5502pt too wide) in paragraph at lines 57--57
[]\T1/lmtt/m/n/12 EXPLAIN[] SELECT[] *[] FROM[] Users[] WHERE[] Reputation[] =[
] 1[] ORDER[] BY[] UpVotes;[] 
 []

</home/franek/Documents/magisterka/images/explain18.png, id=309, 953.5625pt x 5
0.1875pt>
File: /home/franek/Documents/magisterka/images/explain18.png Graphic file (type
 png)
<use /home/franek/Documents/magisterka/images/explain18.png>
Package pdftex.def Info: /home/franek/Documents/magisterka/images/explain18.png
  used on input line 59.
(pdftex.def)             Requested size: 381.41824pt x 20.07463pt.

Overfull \hbox (36.07521pt too wide) in paragraph at lines 65--65
[]\T1/lmtt/m/n/12 EXPLAIN[] SELECT[] *[] FROM[] Users[] WHERE[] Reputation[] >[
] 1000[] ORDER[] BY[] UpVotes;[] 
 []

[79 </home/franek/Documents/magisterka/images/explain18.png>] [80]
</home/franek/Documents/magisterka/images/null_vs_empty_value_analyze_table.png
, id=317, 691.58376pt x 146.5475pt>
File: /home/franek/Documents/magisterka/images/null_vs_empty_value_analyze_tabl
e.png Graphic file (type png)
<use /home/franek/Documents/magisterka/images/null_vs_empty_value_analyze_table
.png>
Package pdftex.def Info: /home/franek/Documents/magisterka/images/null_vs_empty
_value_analyze_table.png  used on input line 103.
(pdftex.def)             Requested size: 297.37521pt x 63.01418pt.
</home/franek/Documents/magisterka/images/null_vs_empty_value_analyze_table_for
_one_column.png, id=318, 692.5875pt x 148.555pt>
File: /home/franek/Documents/magisterka/images/null_vs_empty_value_analyze_tabl
e_for_one_column.png Graphic file (type png)
<use /home/franek/Documents/magisterka/images/null_vs_empty_value_analyze_table
_for_one_column.png>
Package pdftex.def Info: /home/franek/Documents/magisterka/images/null_vs_empty
_value_analyze_table_for_one_column.png  used on input line 112.
(pdftex.def)             Requested size: 297.80681pt x 63.8774pt.
 [81 </home/franek/Documents/magisterka/images/null_vs_empty_value_analyze_tabl
e.png> </home/franek/Documents/magisterka/images/null_vs_empty_value_analyze_ta
ble_for_one_column.png>]
Overfull \hbox (11.3752pt too wide) in paragraph at lines 125--125
[]\T1/lmtt/m/n/12 EXPLAIN[] SELECT[] count(*)[] FROM[] Users[] where[] reputati
on[] =[] 1[] and[] views[]
 []

</home/franek/Documents/magisterka/images/explain_merge_index.png, id=322, 1417
.295pt x 62.2325pt>
File: /home/franek/Documents/magisterka/images/explain_merge_index.png Graphic 
file (type png)
<use /home/franek/Documents/magisterka/images/explain_merge_index.png>
Package pdftex.def Info: /home/franek/Documents/magisterka/images/explain_merge
_index.png  used on input line 129.
(pdftex.def)             Requested size: 453.54367pt x 19.9148pt.

Overfull \hbox (63.54367pt too wide) in paragraph at lines 129--131
 [][] 
 []

[82 </home/franek/Documents/magisterka/images/explain_merge_index.png>]
Overfull \hbox (11.3752pt too wide) in paragraph at lines 136--136
[]\T1/lmtt/m/n/12 EXPLAIN[] SELECT[] COUNT(*)[] FROM[] Users[] WHERE[] reputati
on[] =[] 1[] AND[] views[]
 []

</home/franek/Documents/magisterka/images/explain_without_merge_index.png, id=3
26, 1118.1775pt x 63.23625pt>
File: /home/franek/Documents/magisterka/images/explain_without_merge_index.png 
Graphic file (type png)
<use /home/franek/Documents/magisterka/images/explain_without_merge_index.png>
Package pdftex.def Info: /home/franek/Documents/magisterka/images/explain_witho
ut_merge_index.png  used on input line 141.
(pdftex.def)             Requested size: 357.82411pt x 20.23601pt.

Overfull \hbox (11.3752pt too wide) in paragraph at lines 149--149
[]\T1/lmtt/m/n/12 EXPLAIN[] SELECT[] COUNT(*)[] FROM[] Users[] WHERE[] reputati
on[] =[] 1[] AND[] views[]
 []

</home/franek/Documents/magisterka/images/explain_with_reputation_idx.png, id=3
27, 1121.18875pt x 66.2475pt>
File: /home/franek/Documents/magisterka/images/explain_with_reputation_idx.png 
Graphic file (type png)
<use /home/franek/Documents/magisterka/images/explain_with_reputation_idx.png>
Package pdftex.def Info: /home/franek/Documents/magisterka/images/explain_with_
reputation_idx.png  used on input line 153.
(pdftex.def)             Requested size: 358.78773pt x 21.19962pt.
[83 </home/franek/Documents/magisterka/images/explain_without_merge_index.png> 
</home/franek/Documents/magisterka/images/explain_with_reputation_idx.png>])
[84] (./ProcedurySkladowane.tex) (./Bibliography.tex
! Undefined control sequence.
l.3 ...QL, \emph{MySQL 8.0 Reference Manual}, \url
                                                  {https://dev.mysql.com/doc...
The control sequence at the end of the top line
of your error message was never \def'ed. If you have
misspelled it (e.g., `\hobx'), type `I' and the correct
spelling (e.g., `I\hbox'). Otherwise just continue,
and I'll forget about whatever was undefined.


Underfull \hbox (badness 10000) in paragraph at lines 3--4
[]\T1/lmr/m/n/12 MySQL, \T1/lmr/m/it/12 My-SQL 8.0 Re-fe-rence Ma-nual\T1/lmr/m
/n/12 ,
 []


! LaTeX Error: There's no line here to end.

See the LaTeX manual or LaTeX Companion for explanation.
Type  H <return>  for immediate help.
 ...                                              
                                                  
l.9 	\\t
        odo -mark-whitehorn-relacyjne-bazy-danych
Your command was ignored.
Type  I <command> <return>  to replace it with another command,
or  <return>  to continue without it.

) [85] (./main.aux)

LaTeX Warning: There were multiply-defined labels.

 ) 
Here is how much of TeX's memory you used:
 5638 strings out of 492982
 87587 string characters out of 6134897
 146499 words of memory out of 5000000
 8995 multiletter control sequences out of 15000+600000
 56414 words of font info for 45 fonts, out of 8000000 for 9000
 1141 hyphenation exceptions out of 8191
 41i,7n,32p,1559b,350s stack positions out of 5000i,500n,10000p,200000b,80000s
{/usr/share/texmf/fonts/enc/dvips/lm/lm-rm.enc}{/usr/share/texmf/fonts/enc/dv
ips/lm/lm-mathit.enc}{/usr/share/texmf/fonts/enc/dvips/lm/lm-ec.enc}{/usr/share
/texmf/fonts/enc/dvips/lm/lm-mathsy.enc}</usr/share/texmf/fonts/type1/public/lm
/lmbx12.pfb></usr/share/texmf/fonts/type1/public/lm/lmbxi10.pfb></usr/share/tex
mf/fonts/type1/public/lm/lmmi12.pfb></usr/share/texmf/fonts/type1/public/lm/lmm
i8.pfb></usr/share/texmf/fonts/type1/public/lm/lmr12.pfb></usr/share/texmf/font
s/type1/public/lm/lmr17.pfb></usr/share/texmf/fonts/type1/public/lm/lmri12.pfb>
</usr/share/texmf/fonts/type1/public/lm/lmsy10.pfb></usr/share/texmf/fonts/type
1/public/lm/lmtt12.pfb>
Output written on main.pdf (85 pages, 1308511 bytes).
PDF statistics:
 377 PDF objects out of 1000 (max. 8388607)
 224 compressed objects within 3 object streams
 0 named destinations out of 1000 (max. 500000)
 241 words of extra memory for PDF output out of 10000 (max. 10000000)

